0 info it worked if it ends with ok
1 verbose cli [ '/usr/local/Cellar/node/5.4.0/bin/node',
1 verbose cli   '/usr/local/bin/npm',
1 verbose cli   'run',
1 verbose cli   'watch' ]
2 info using npm@3.10.9
3 info using node@v5.4.0
4 verbose run-script [ 'prewatch', 'watch', 'postwatch' ]
5 info lifecycle react-isomorph@~prewatch: react-isomorph@
6 silly lifecycle react-isomorph@~prewatch: no script for prewatch, continuing
7 info lifecycle react-isomorph@~watch: react-isomorph@
8 verbose lifecycle react-isomorph@~watch: unsafe-perm in lifecycle true
9 verbose lifecycle react-isomorph@~watch: PATH: /usr/local/lib/node_modules/npm/bin/node-gyp-bin:/Users/Thuy/Desktop/Projects/twitterStream/node_modules/.bin:/usr/local/Cellar/node/5.4.0/bin:/usr/local/bin:/usr/bin:/bin:/usr/sbin:/sbin
10 verbose lifecycle react-isomorph@~watch: CWD: /Users/Thuy/Desktop/Projects/twitterStream
11 silly lifecycle react-isomorph@~watch: Args: [ '-c', 'watchify app.js -o public/js/bundle.js -v' ]
12 silly lifecycle react-isomorph@~watch: Returned: code: 1  signal: null
13 info lifecycle react-isomorph@~watch: Failed to exec watch script
14 verbose stack Error: react-isomorph@ watch: `watchify app.js -o public/js/bundle.js -v`
14 verbose stack Exit status 1
14 verbose stack     at EventEmitter.<anonymous> (/usr/local/lib/node_modules/npm/lib/utils/lifecycle.js:255:16)
14 verbose stack     at emitTwo (events.js:87:13)
14 verbose stack     at EventEmitter.emit (events.js:172:7)
14 verbose stack     at ChildProcess.<anonymous> (/usr/local/lib/node_modules/npm/lib/utils/spawn.js:40:14)
14 verbose stack     at emitTwo (events.js:87:13)
14 verbose stack     at ChildProcess.emit (events.js:172:7)
14 verbose stack     at maybeClose (internal/child_process.js:821:16)
14 verbose stack     at Process.ChildProcess._handle.onexit (internal/child_process.js:211:5)
15 verbose pkgid react-isomorph@
16 verbose cwd /Users/Thuy/Desktop/Projects/twitterStream
17 error Darwin 16.0.0
18 error argv "/usr/local/Cellar/node/5.4.0/bin/node" "/usr/local/bin/npm" "run" "watch"
19 error node v5.4.0
20 error npm  v3.10.9
21 error code ELIFECYCLE
22 error react-isomorph@ watch: `watchify app.js -o public/js/bundle.js -v`
22 error Exit status 1
23 error Failed at the react-isomorph@ watch script 'watchify app.js -o public/js/bundle.js -v'.
23 error Make sure you have the latest version of node.js and npm installed.
23 error If you do, this is most likely a problem with the react-isomorph package,
23 error not with npm itself.
23 error Tell the author that this fails on your system:
23 error     watchify app.js -o public/js/bundle.js -v
23 error You can get information on how to open an issue for this project with:
23 error     npm bugs react-isomorph
23 error Or if that isn't available, you can get their info via:
23 error     npm owner ls react-isomorph
23 error There is likely additional logging output above.
24 verbose exit [ 1, true ]
